<?xml version="1.0" encoding="UTF-8"?>
<testsuite xmlns:xsi="http://www.w3.org/2001/XMLSchema-instance" xsi:noNamespaceSchemaLocation="https://maven.apache.org/surefire/maven-surefire-plugin/xsd/surefire-test-report.xsd" version="3.0.2" name="br.com.erickson.marketmonitor.MarketMonitorApplicationTests" time="3.125" tests="1" errors="0" skipped="0" failures="0" flakes="0">
  <properties>
[...]
</properties>
  <testcase name="contextLoads" classname="br.com.erickson.marketmonitor.MarketMonitorApplicationTests" time="0.247">
    <system-out><![CDATA[19:33:55.039 [main] INFO org.springframework.test.context.support.AnnotationConfigContextLoaderUtils -- Could not detect default configuration classes for test class [br.com.erickson.marketmonitor.MarketMonitorApplicationTests]: MarketMonitorApplicationTests does not declare any static, non-private, non-final, nested classes annotated with @Configuration.
19:33:55.117 [main] INFO org.springframework.boot.test.context.SpringBootTestContextBootstrapper -- Found @SpringBootConfiguration br.com.erickson.marketmonitor.MarketMonitorApplication for test class br.com.erickson.marketmonitor.MarketMonitorApplicationTests
19:33:55.227 [main] INFO org.springframework.boot.devtools.restart.RestartApplicationListener -- Restart disabled due to context in which it is running

  .   ____          _            __ _ _
 /\\ / ___'_ __ _ _(_)_ __  __ _ \ \ \ \
( ( )\___ | '_ | '_| | '_ \/ _` | \ \ \ \
 \\/  ___)| |_)| | | | | || (_| |  ) ) ) )
  '  |____| .__|_| |_|_| |_\__, | / / / /
 =========|_|==============|___/=/_/_/_/

 :: Spring Boot ::               (v3.5.16)

2026-07-04T19:33:55.426-03:00  INFO 24208 --- [market-monitor] [           main] b.c.e.m.MarketMonitorApplicationTests    : Starting MarketMonitorApplicationTests using Java 21.0.11 with PID 24208 (started by Erickson in C:\Users\Erickson\developer\market-monitor)
2026-07-04T19:33:55.427-03:00  INFO 24208 --- [market-monitor] [           main] b.c.e.m.MarketMonitorApplicationTests    : No active profile set, falling back to 1 default profile: "default"
2026-07-04T19:33:55.847-03:00  INFO 24208 --- [market-monitor] [           main] .s.d.r.c.RepositoryConfigurationDelegate : Bootstrapping Spring Data JPA repositories in DEFAULT mode.
2026-07-04T19:33:55.863-03:00  INFO 24208 --- [market-monitor] [           main] .s.d.r.c.RepositoryConfigurationDelegate : Finished Spring Data repository scanning in 9 ms. Found 0 JPA repository interfaces.
2026-07-04T19:33:56.085-03:00  INFO 24208 --- [market-monitor] [           main] com.zaxxer.hikari.HikariDataSource       : HikariPool-1 - Starting...
2026-07-04T19:33:56.216-03:00  INFO 24208 --- [market-monitor] [           main] com.zaxxer.hikari.pool.HikariPool        : HikariPool-1 - Added connection conn0: url=jdbc:h2:mem:90f278ca-662e-4fa0-9b51-9fe6b383279a user=SA
2026-07-04T19:33:56.217-03:00  INFO 24208 --- [market-monitor] [           main] com.zaxxer.hikari.HikariDataSource       : HikariPool-1 - Start completed.
2026-07-04T19:33:56.249-03:00  INFO 24208 --- [market-monitor] [           main] o.hibernate.jpa.internal.util.LogHelper  : HHH000204: Processing PersistenceUnitInfo [name: default]
2026-07-04T19:33:56.292-03:00  INFO 24208 --- [market-monitor] [           main] org.hibernate.Version                    : HHH000412: Hibernate ORM core version 6.6.53.Final
2026-07-04T19:33:56.317-03:00  INFO 24208 --- [market-monitor] [           main] o.h.c.internal.RegionFactoryInitiator    : HHH000026: Second-level cache disabled
2026-07-04T19:33:56.521-03:00  INFO 24208 --- [market-monitor] [           main] o.s.o.j.p.SpringPersistenceUnitInfo      : No LoadTimeWeaver setup: ignoring JPA class transformer
2026-07-04T19:33:56.578-03:00  INFO 24208 --- [market-monitor] [           main] org.hibernate.orm.connections.pooling    : HHH10001005: Database info:
	Database JDBC URL [Connecting through datasource 'HikariDataSource (HikariPool-1)']
	Database driver: undefined/unknown
	Database version: 2.3.232
	Autocommit mode: undefined/unknown
	Isolation level: undefined/unknown
	Minimum pool size: undefined/unknown
	Maximum pool size: undefined/unknown
2026-07-04T19:33:57.173-03:00  INFO 24208 --- [market-monitor] [           main] o.h.e.t.j.p.i.JtaPlatformInitiator       : HHH000489: No JTA platform available (set 'hibernate.transaction.jta.platform' to enable JTA platform integration)
2026-07-04T19:33:57.213-03:00  INFO 24208 --- [market-monitor] [           main] j.LocalContainerEntityManagerFactoryBean : Initialized JPA EntityManagerFactory for persistence unit 'default'
2026-07-04T19:33:57.298-03:00  WARN 24208 --- [market-monitor] [           main] JpaBaseConfiguration$JpaWebConfiguration : spring.jpa.open-in-view is enabled by default. Therefore, database queries may be performed during view rendering. Explicitly configure spring.jpa.open-in-view to disable this warning
2026-07-04T19:33:57.792-03:00  INFO 24208 --- [market-monitor] [           main] b.c.e.m.MarketMonitorApplicationTests    : Started MarketMonitorApplicationTests in 2.574 seconds (process running for 3.213)
]]></system-out>
    <system-err><![CDATA[Mockito is currently self-attaching to enable the inline-mock-maker. This will no longer work in future releases of the JDK. Please add Mockito as an agent to your build as described in Mockito's documentation: https://javadoc.io/doc/org.mockito/mockito-core/latest/org.mockito/org/mockito/Mockito.html#0.3
WARNING: A Java agent has been loaded dynamically (C:\Users\Erickson\.m2\repository\net\bytebuddy\byte-buddy-agent\1.17.8\byte-buddy-agent-1.17.8.jar)
WARNING: If a serviceability tool is in use, please run with -XX:+EnableDynamicAgentLoading to hide this warning
WARNING: If a serviceability tool is not in use, please run with -Djdk.instrument.traceUsage for more information
WARNING: Dynamic loading of agents will be disallowed by default in a future release
]]></system-err>
  </testcase>
</testsuite>